<?xml version="1.0" encoding="UTF-8"?>
<!-- Generated by org.testng.reporters.JUnitReportReporter -->
<testsuite hostname="LT0145657" failures="0" tests="2" name="com.esign.testcases.LoginPageTestcases" time="30.018" errors="0" timestamp="2023-03-08T16:31:12 IST" skipped="0">
  <testcase classname="com.esign.testcases.LoginPageTestcases" name="clickOnSignUpButton" time="16.545"/>
  <system-out/>
  <testcase classname="com.esign.testcases.LoginPageTestcases" name="clickOnSignUpButton" time="13.473"/>
  <system-out/>
</testsuite> <!-- com.esign.testcases.LoginPageTestcases -->
